<?xml version="1.0" encoding="UTF-8"?>
<!-- Generated by org.testng.reporters.JUnitXMLReporter -->
<testsuite hostname="MediumCyborg" ignored="0" tests="10" failures="0" timestamp="20 Aug 2026 17:01:33 GMT" time="0.026" errors="0">
  <testcase name="testAFractionalPauseKeepsItsFraction" time="0.002" classname="testParseCS2Routes"/>
  <testcase name="testAPauseLandsOnItsOwnItemNotAnEarlierOne" time="0.0" classname="testParseCS2Routes"/>
  <testcase name="testASubSecondPauseIsNotLostEntirely" time="0.0" classname="testParseCS2Routes"/>
  <testcase name="testConditionIsNotDuplicated" time="0.0" classname="testParseCS2Routes"/>
  <testcase name="testConditionIsStoredOnceWithTheRequestedState" time="0.0" classname="testParseCS2Routes"/>
  <testcase name="testConditionsOnTheRealRouteFile" time="0.0" classname="testParseCS2Routes"/>
  <testcase name="testDCCRoute" time="0.0" classname="testParseCS2Routes"/>
  <testcase name="testNumAccs" time="0.0" classname="testParseCS2Routes"/>
  <testcase name="testNumRoutes" time="0.0" classname="testParseCS2Routes"/>
  <testcase name="testTrailingKontIsParsedCorrectly" time="0.0" classname="testParseCS2Routes"/>
</testsuite>
