<?xml version="1.0" encoding="UTF-8"?>
<!-- Generated by org.testng.reporters.JUnitReportReporter -->
<testsuite skipped="0" hostname="MediumCyborg" name="testParseCS2Routes" tests="10" failures="0" timestamp="20 Aug 2026 17:01:33 GMT" time="0.003" errors="0">
  <testcase name="testConditionsOnTheRealRouteFile" time="0.000" classname="testParseCS2Routes"/>
  <testcase name="testTrailingKontIsParsedCorrectly" time="0.001" classname="testParseCS2Routes"/>
  <testcase name="testAFractionalPauseKeepsItsFraction" time="0.002" classname="testParseCS2Routes"/>
  <testcase name="testConditionIsNotDuplicated" time="0.000" classname="testParseCS2Routes"/>
  <testcase name="testNumRoutes" time="0.000" classname="testParseCS2Routes"/>
  <testcase name="testDCCRoute" time="0.000" classname="testParseCS2Routes"/>
  <testcase name="testConditionIsStoredOnceWithTheRequestedState" time="0.000" classname="testParseCS2Routes"/>
  <testcase name="testASubSecondPauseIsNotLostEntirely" time="0.000" classname="testParseCS2Routes"/>
  <testcase name="testAPauseLandsOnItsOwnItemNotAnEarlierOne" time="0.000" classname="testParseCS2Routes"/>
  <testcase name="testNumAccs" time="0.000" classname="testParseCS2Routes"/>
</testsuite> <!-- testParseCS2Routes -->
